<?xml version="1.0" encoding="UTF-8"?>
<testng-results ignored="0" total="1" passed="1" failed="0" skipped="0">
  <reporter-output>
  </reporter-output>
  <suite started-at="2026-04-06T17:08:23 CDT" name="Default suite" finished-at="2026-04-06T17:08:40 CDT" duration-ms="16629">
    <groups>
    </groups>
    <test started-at="2026-04-06T17:08:23 CDT" name="Default test" finished-at="2026-04-06T17:08:40 CDT" duration-ms="16629">
      <class name="tests.TestLogin">
        <test-method is-config="true" signature="setUp()[pri:0, instance:tests.TestLogin@4ac3c60d]" started-at="2026-04-06T17:08:23 CDT" name="setUp" finished-at="2026-04-06T17:08:31 CDT" duration-ms="7634" status="PASS">
          <reporter-output>
          </reporter-output>
        </test-method> <!-- setUp -->
        <test-method signature="testValidLogin()[pri:0, instance:tests.TestLogin@4ac3c60d]" started-at="2026-04-06T17:08:31 CDT" name="testValidLogin" finished-at="2026-04-06T17:08:40 CDT" duration-ms="8893" status="PASS">
          <reporter-output>
          </reporter-output>
        </test-method> <!-- testValidLogin -->
        <test-method is-config="true" signature="tearDown()[pri:0, instance:tests.TestLogin@4ac3c60d]" started-at="2026-04-06T17:08:40 CDT" name="tearDown" finished-at="2026-04-06T17:08:40 CDT" duration-ms="5" status="PASS">
          <reporter-output>
          </reporter-output>
        </test-method> <!-- tearDown -->
      </class> <!-- tests.TestLogin -->
    </test> <!-- Default test -->
  </suite> <!-- Default suite -->
</testng-results>
